<?xml version="1.0" encoding="UTF-8"?>
<testng-results skipped="0" failed="0" total="1" passed="1">
  <reporter-output>
  </reporter-output>
  <suite name="Suite" duration-ms="5317" started-at="2017-11-29T23:01:07Z" finished-at="2017-11-29T23:01:12Z">
    <groups>
    </groups>
    <test name="Test+CH" duration-ms="5317" started-at="2017-11-29T23:01:07Z" finished-at="2017-11-29T23:01:12Z">
      <class name="com.openmrs.OpenMrsLoginTests">
        <test-method status="PASS" signature="invokeBrowser(java.lang.String, java.lang.String)[pri:0, instance:com.openmrs.OpenMrsLoginTests@31674b5f]" name="invokeBrowser" is-config="true" duration-ms="2622" started-at="2017-11-29T18:01:07Z" finished-at="2017-11-29T18:01:09Z">
          <params>
            <param index="0">
              <value>
                <![CDATA[CH]]>
              </value>
            </param>
            <param index="1">
              <value>
                <![CDATA[https://demo.openmrs.org/login.htm]]>
              </value>
            </param>
          </params>
          <reporter-output>
          </reporter-output>
        </test-method> <!-- invokeBrowser -->
        <test-method status="PASS" signature="verifyLogin()[pri:0, instance:com.openmrs.OpenMrsLoginTests@31674b5f]" name="verifyLogin" duration-ms="2684" started-at="2017-11-29T18:01:09Z" finished-at="2017-11-29T18:01:12Z">
          <reporter-output>
          </reporter-output>
        </test-method> <!-- verifyLogin -->
      </class> <!-- com.openmrs.OpenMrsLoginTests -->
    </test> <!-- Test+CH -->
  </suite> <!-- Suite -->
</testng-results>
