<?xml version="1.0" encoding="UTF-8"?>
<testng-results skipped="1" failed="0" total="1" passed="0">
  <reporter-output>
  </reporter-output>
  <suite name="Default suite" duration-ms="39" started-at="2017-11-28T18:27:03Z" finished-at="2017-11-28T18:27:03Z">
    <groups>
    </groups>
    <test name="Default test" duration-ms="39" started-at="2017-11-28T18:27:03Z" finished-at="2017-11-28T18:27:03Z">
      <class name="com.openmrs.OpenMrsLoginTests">
        <test-method status="FAIL" signature="invokeBrowser(java.lang.String, java.lang.String)[pri:0, instance:com.openmrs.OpenMrsLoginTests@7dc7cbad]" name="invokeBrowser" is-config="true" duration-ms="0" started-at="2017-11-28T13:27:03Z" finished-at="2017-11-28T13:27:03Z">
          <exception class="org.testng.TestNGException">
            <message>
              <![CDATA[
Parameter 'browserType' is required by @Configuration on method invokeBrowser but has not been marked @Optional or defined
in C:\Users\muna_\AppData\Local\Temp\testng-eclipse-1454017620\testng-customsuite.xml]]>
            </message>
            <full-stacktrace>
              <![CDATA[org.testng.TestNGException: 
Parameter 'browserType' is required by @Configuration on method invokeBrowser but has not been marked @Optional or defined
in C:\Users\muna_\AppData\Local\Temp\testng-eclipse-1454017620\testng-customsuite.xml
	at org.testng.internal.Parameters.createParameters(Parameters.java:155)
	at org.testng.internal.Parameters.createParameters(Parameters.java:355)
	at org.testng.internal.Parameters.createConfigurationParameters(Parameters.java:86)
	at org.testng.internal.Invoker.invokeConfigurations(Invoker.java:199)
	at org.testng.internal.Invoker.invokeConfigurations(Invoker.java:138)
	at org.testng.internal.TestMethodWorker.invokeBeforeClassMethods(TestMethodWorker.java:175)
	at org.testng.internal.TestMethodWorker.run(TestMethodWorker.java:107)
	at org.testng.TestRunner.privateRun(TestRunner.java:767)
	at org.testng.TestRunner.run(TestRunner.java:617)
	at org.testng.SuiteRunner.runTest(SuiteRunner.java:334)
	at org.testng.SuiteRunner.runSequentially(SuiteRunner.java:329)
	at org.testng.SuiteRunner.privateRun(SuiteRunner.java:291)
	at org.testng.SuiteRunner.run(SuiteRunner.java:240)
	at org.testng.SuiteRunnerWorker.runSuite(SuiteRunnerWorker.java:52)
	at org.testng.SuiteRunnerWorker.run(SuiteRunnerWorker.java:86)
	at org.testng.TestNG.runSuitesSequentially(TestNG.java:1198)
	at org.testng.TestNG.runSuitesLocally(TestNG.java:1123)
	at org.testng.TestNG.run(TestNG.java:1031)
	at org.testng.remote.AbstractRemoteTestNG.run(AbstractRemoteTestNG.java:114)
	at org.testng.remote.RemoteTestNG.initAndRun(RemoteTestNG.java:251)
	at org.testng.remote.RemoteTestNG.main(RemoteTestNG.java:77)
]]>
            </full-stacktrace>
          </exception> <!-- org.testng.TestNGException -->
          <reporter-output>
          </reporter-output>
        </test-method> <!-- invokeBrowser -->
        <test-method status="SKIP" signature="verifyLogin()[pri:0, instance:com.openmrs.OpenMrsLoginTests@7dc7cbad]" name="verifyLogin" duration-ms="11" started-at="2017-11-28T13:27:03Z" finished-at="2017-11-28T13:27:03Z">
          <reporter-output>
          </reporter-output>
        </test-method> <!-- verifyLogin -->
      </class> <!-- com.openmrs.OpenMrsLoginTests -->
    </test> <!-- Default test -->
  </suite> <!-- Default suite -->
</testng-results>
